[2014-08-23 17:26:50] request.INFO: Matched route "ridwan_auth_checkUserName" (parameters: "_controller": "Ridwan\SiteBundle\Controller\AuthenticationController::checkUserNameAction", "name": "naruto", "_route": "ridwan_auth_checkUserName") [] []
[2014-08-23 17:26:50] security.INFO: Populated SecurityContext with an anonymous Token [] []
[2014-08-23 17:26:50] request.CRITICAL: Uncaught PHP Exception LogicException: "The controller must return a response (true given)." at /var/www/html/LetsVolunteer/app/bootstrap.php.cache line 2981 {"exception":"[object] (LogicException: The controller must return a response (true given). at /var/www/html/LetsVolunteer/app/bootstrap.php.cache:2981)"} []
[2014-08-23 17:26:50] security.DEBUG: Write SecurityContext in the session [] []
[2014-08-23 17:27:00] request.INFO: Matched route "ridwan_auth_checkUserName" (parameters: "_controller": "Ridwan\SiteBundle\Controller\AuthenticationController::checkUserNameAction", "name": "naruto", "_route": "ridwan_auth_checkUserName") [] []
[2014-08-23 17:27:00] security.INFO: Populated SecurityContext with an anonymous Token [] []
[2014-08-23 17:27:00] request.CRITICAL: Uncaught PHP Exception LogicException: "The controller must return a response (true given)." at /var/www/html/LetsVolunteer/app/bootstrap.php.cache line 2981 {"exception":"[object] (LogicException: The controller must return a response (true given). at /var/www/html/LetsVolunteer/app/bootstrap.php.cache:2981)"} []
[2014-08-23 17:27:00] security.DEBUG: Write SecurityContext in the session [] []
[2014-08-23 17:33:44] request.ERROR: Uncaught PHP Exception Symfony\Component\HttpKernel\Exception\NotFoundHttpException: "No route found for "POST /undefined" (from "http://localhost/LetsVolunteer/web/app.php/register")" at /var/www/html/LetsVolunteer/app/cache/prod/classes.php line 1977 {"exception":"[object] (Symfony\\Component\\HttpKernel\\Exception\\NotFoundHttpException: No route found for \"POST /undefined\" (from \"http://localhost/LetsVolunteer/web/app.php/register\") at /var/www/html/LetsVolunteer/app/cache/prod/classes.php:1977, Symfony\\Component\\Routing\\Exception\\ResourceNotFoundException:  at /var/www/html/LetsVolunteer/app/cache/prod/appProdUrlMatcher.php:393)"} []
[2014-08-23 17:38:06] request.INFO: Matched route "ridwan_auth_checkUserName" (parameters: "_controller": "Ridwan\SiteBundle\Controller\AuthenticationController::checkUserNameAction", "name": "naruto", "_route": "ridwan_auth_checkUserName") [] []
[2014-08-23 17:38:06] security.INFO: Populated SecurityContext with an anonymous Token [] []
[2014-08-23 17:38:06] request.CRITICAL: Uncaught PHP Exception LogicException: "The controller must return a response (Object(Symfony\Component\BrowserKit\Response) given)." at /var/www/html/LetsVolunteer/app/bootstrap.php.cache line 2981 {"exception":"[object] (LogicException: The controller must return a response (Object(Symfony\\Component\\BrowserKit\\Response) given). at /var/www/html/LetsVolunteer/app/bootstrap.php.cache:2981)"} []
[2014-08-23 17:38:06] security.DEBUG: Write SecurityContext in the session [] []
[2014-08-23 17:38:07] request.INFO: Matched route "ridwan_auth_checkUserName" (parameters: "_controller": "Ridwan\SiteBundle\Controller\AuthenticationController::checkUserNameAction", "name": "naruto", "_route": "ridwan_auth_checkUserName") [] []
[2014-08-23 17:38:07] security.INFO: Populated SecurityContext with an anonymous Token [] []
[2014-08-23 17:38:07] request.CRITICAL: Uncaught PHP Exception LogicException: "The controller must return a response (Object(Symfony\Component\BrowserKit\Response) given)." at /var/www/html/LetsVolunteer/app/bootstrap.php.cache line 2981 {"exception":"[object] (LogicException: The controller must return a response (Object(Symfony\\Component\\BrowserKit\\Response) given). at /var/www/html/LetsVolunteer/app/bootstrap.php.cache:2981)"} []
[2014-08-23 17:38:07] security.DEBUG: Write SecurityContext in the session [] []
[2014-08-23 17:38:08] request.INFO: Matched route "ridwan_auth_checkUserName" (parameters: "_controller": "Ridwan\SiteBundle\Controller\AuthenticationController::checkUserNameAction", "name": "naruto", "_route": "ridwan_auth_checkUserName") [] []
[2014-08-23 17:38:08] security.INFO: Populated SecurityContext with an anonymous Token [] []
[2014-08-23 17:38:08] request.CRITICAL: Uncaught PHP Exception LogicException: "The controller must return a response (Object(Symfony\Component\BrowserKit\Response) given)." at /var/www/html/LetsVolunteer/app/bootstrap.php.cache line 2981 {"exception":"[object] (LogicException: The controller must return a response (Object(Symfony\\Component\\BrowserKit\\Response) given). at /var/www/html/LetsVolunteer/app/bootstrap.php.cache:2981)"} []
[2014-08-23 17:38:08] security.DEBUG: Write SecurityContext in the session [] []
[2014-08-23 17:38:12] request.INFO: Matched route "ridwan_auth_checkUserName" (parameters: "_controller": "Ridwan\SiteBundle\Controller\AuthenticationController::checkUserNameAction", "name": "naruto", "_route": "ridwan_auth_checkUserName") [] []
[2014-08-23 17:38:12] security.INFO: Populated SecurityContext with an anonymous Token [] []
[2014-08-23 17:38:12] request.CRITICAL: Uncaught PHP Exception LogicException: "The controller must return a response (Object(Symfony\Component\BrowserKit\Response) given)." at /var/www/html/LetsVolunteer/app/bootstrap.php.cache line 2981 {"exception":"[object] (LogicException: The controller must return a response (Object(Symfony\\Component\\BrowserKit\\Response) given). at /var/www/html/LetsVolunteer/app/bootstrap.php.cache:2981)"} []
[2014-08-23 17:38:12] security.DEBUG: Write SecurityContext in the session [] []
[2014-08-23 17:40:44] request.INFO: Matched route "ridwan_auth_checkUserName" (parameters: "_controller": "Ridwan\SiteBundle\Controller\AuthenticationController::checkUserNameAction", "name": "naruto", "_route": "ridwan_auth_checkUserName") [] []
[2014-08-23 17:40:44] security.INFO: Populated SecurityContext with an anonymous Token [] []
[2014-08-23 17:40:44] request.CRITICAL: Uncaught PHP Exception InvalidArgumentException: "Unable to find template "RidwanSiteBundle:Empty:index.html"." at /var/www/html/LetsVolunteer/vendor/symfony/symfony/src/Symfony/Bridge/Twig/TwigEngine.php line 128 {"exception":"[object] (InvalidArgumentException: Unable to find template \"RidwanSiteBundle:Empty:index.html\". at /var/www/html/LetsVolunteer/vendor/symfony/symfony/src/Symfony/Bridge/Twig/TwigEngine.php:128, Twig_Error_Loader: Unable to find template \"RidwanSiteBundle:Empty:index.html\". at /var/www/html/LetsVolunteer/vendor/symfony/symfony/src/Symfony/Bundle/TwigBundle/Loader/FilesystemLoader.php:106, InvalidArgumentException: Template name \"RidwanSiteBundle:Empty:index.html\" is not valid (format is \"bundle:section:template.format.engine\"). at /var/www/html/LetsVolunteer/app/cache/prod/classes.php:742)"} []
[2014-08-23 17:40:44] security.DEBUG: Write SecurityContext in the session [] []
[2014-08-23 17:40:46] request.INFO: Matched route "ridwan_auth_checkUserName" (parameters: "_controller": "Ridwan\SiteBundle\Controller\AuthenticationController::checkUserNameAction", "name": "naruto", "_route": "ridwan_auth_checkUserName") [] []
[2014-08-23 17:40:46] security.INFO: Populated SecurityContext with an anonymous Token [] []
[2014-08-23 17:40:46] request.CRITICAL: Uncaught PHP Exception InvalidArgumentException: "Unable to find template "RidwanSiteBundle:Empty:index.html"." at /var/www/html/LetsVolunteer/vendor/symfony/symfony/src/Symfony/Bridge/Twig/TwigEngine.php line 128 {"exception":"[object] (InvalidArgumentException: Unable to find template \"RidwanSiteBundle:Empty:index.html\". at /var/www/html/LetsVolunteer/vendor/symfony/symfony/src/Symfony/Bridge/Twig/TwigEngine.php:128, Twig_Error_Loader: Unable to find template \"RidwanSiteBundle:Empty:index.html\". at /var/www/html/LetsVolunteer/vendor/symfony/symfony/src/Symfony/Bundle/TwigBundle/Loader/FilesystemLoader.php:106, InvalidArgumentException: Template name \"RidwanSiteBundle:Empty:index.html\" is not valid (format is \"bundle:section:template.format.engine\"). at /var/www/html/LetsVolunteer/app/cache/prod/classes.php:742)"} []
[2014-08-23 17:40:46] security.DEBUG: Write SecurityContext in the session [] []
[2014-08-23 17:40:47] request.INFO: Matched route "ridwan_auth_checkUserName" (parameters: "_controller": "Ridwan\SiteBundle\Controller\AuthenticationController::checkUserNameAction", "name": "naruto", "_route": "ridwan_auth_checkUserName") [] []
[2014-08-23 17:40:47] security.INFO: Populated SecurityContext with an anonymous Token [] []
[2014-08-23 17:40:47] request.CRITICAL: Uncaught PHP Exception InvalidArgumentException: "Unable to find template "RidwanSiteBundle:Empty:index.html"." at /var/www/html/LetsVolunteer/vendor/symfony/symfony/src/Symfony/Bridge/Twig/TwigEngine.php line 128 {"exception":"[object] (InvalidArgumentException: Unable to find template \"RidwanSiteBundle:Empty:index.html\". at /var/www/html/LetsVolunteer/vendor/symfony/symfony/src/Symfony/Bridge/Twig/TwigEngine.php:128, Twig_Error_Loader: Unable to find template \"RidwanSiteBundle:Empty:index.html\". at /var/www/html/LetsVolunteer/vendor/symfony/symfony/src/Symfony/Bundle/TwigBundle/Loader/FilesystemLoader.php:106, InvalidArgumentException: Template name \"RidwanSiteBundle:Empty:index.html\" is not valid (format is \"bundle:section:template.format.engine\"). at /var/www/html/LetsVolunteer/app/cache/prod/classes.php:742)"} []
[2014-08-23 17:40:47] security.DEBUG: Write SecurityContext in the session [] []
[2014-08-23 17:40:48] request.INFO: Matched route "ridwan_auth_checkUserName" (parameters: "_controller": "Ridwan\SiteBundle\Controller\AuthenticationController::checkUserNameAction", "name": "naruto", "_route": "ridwan_auth_checkUserName") [] []
[2014-08-23 17:40:48] security.INFO: Populated SecurityContext with an anonymous Token [] []
[2014-08-23 17:40:49] request.CRITICAL: Uncaught PHP Exception InvalidArgumentException: "Unable to find template "RidwanSiteBundle:Empty:index.html"." at /var/www/html/LetsVolunteer/vendor/symfony/symfony/src/Symfony/Bridge/Twig/TwigEngine.php line 128 {"exception":"[object] (InvalidArgumentException: Unable to find template \"RidwanSiteBundle:Empty:index.html\". at /var/www/html/LetsVolunteer/vendor/symfony/symfony/src/Symfony/Bridge/Twig/TwigEngine.php:128, Twig_Error_Loader: Unable to find template \"RidwanSiteBundle:Empty:index.html\". at /var/www/html/LetsVolunteer/vendor/symfony/symfony/src/Symfony/Bundle/TwigBundle/Loader/FilesystemLoader.php:106, InvalidArgumentException: Template name \"RidwanSiteBundle:Empty:index.html\" is not valid (format is \"bundle:section:template.format.engine\"). at /var/www/html/LetsVolunteer/app/cache/prod/classes.php:742)"} []
[2014-08-23 17:40:49] security.DEBUG: Write SecurityContext in the session [] []
